<?xml version="1.0" encoding="UTF-8"?>
<!-- Generated by org.testng.reporters.JUnitReportReporter -->
<testsuite hostname="DESKTOP-E3SISK3" failures="0" tests="1" name="com.tests.LoginTestValide" time="3.639" errors="0" timestamp="2025-06-18T11:15:09 WAT" skipped="0">
  <testcase classname="com.tests.LoginTestValide" name="testValidLogin" time="3.639"/>
</testsuite> <!-- com.tests.LoginTestValide -->
