<?xml version="1.0" encoding="UTF-8"?>
<!-- Generated by org.testng.reporters.JUnitReportReporter -->
<testsuite hostname="DESKTOP-E3SISK3" failures="0" tests="1" name="com.tests.LoginTestSuccess" time="6.309" errors="0" timestamp="2025-07-12T21:26:52 WAT" skipped="0">
  <testcase classname="com.tests.LoginTestSuccess" name="successfulLoginTest" time="6.309"/>
</testsuite> <!-- com.tests.LoginTestSuccess -->
