<?xml version="1.0" encoding="UTF-8"?>
<!-- Generated by org.testng.reporters.JUnitReportReporter -->
<testsuite hostname="DESKTOP-E3SISK3" failures="0" tests="1" name="com.tests.LoginTestFailure" time="3.121" errors="0" timestamp="2025-07-12T21:27:18 WAT" skipped="0">
  <testcase classname="com.tests.LoginTestFailure" name="failedLoginTest" time="3.121"/>
</testsuite> <!-- com.tests.LoginTestFailure -->
