<?xml version="1.0" encoding="UTF-8"?>
<!-- Generated by org.testng.reporters.JUnitReportReporter -->
<testsuite hostname="DESKTOP-E3SISK3" failures="0" tests="2" name="com.tests.LoginTest" time="6.988" errors="0" timestamp="2025-07-26T11:13:54 WAT" skipped="0">
  <testcase classname="com.tests.LoginTest" name="failedLoginTest" time="3.936"/>
  <testcase classname="com.tests.LoginTest" name="successfulLoginTest" time="3.052"/>
</testsuite> <!-- com.tests.LoginTest -->
